<?xml version="1.0" encoding="UTF-8"?>
<!-- Generated by org.testng.reporters.JUnitXMLReporter -->
<testsuite ignored="4" hostname="DESKTOP-8DGN0RL" failures="0" tests="1" name="Default test" time="53.613" errors="0" timestamp="02 Mar 2021 04:45:30 GMT">
  <testcase classname="Telegram_TestCases.Telegram_basic_testCase" name="fetchChatHistory" time="12.365"/>
  <testcase classname="Telegram_TestCases.Telegram_basic_testCase" name="clickOnFireSide" time="0.0">
    <ignored/>
  </testcase> <!-- clickOnFireSide -->
  <testcase classname="Telegram_TestCases.Telegram_basic_testCase" name="clickOnSiInButton" time="0.0">
    <ignored/>
  </testcase> <!-- clickOnSiInButton -->
  <testcase classname="Telegram_Base.Telegram_Test_Base" name="openTelegram" time="0.0">
    <ignored/>
  </testcase> <!-- openTelegram -->
  <testcase classname="Telegram_TestCases.Telegram_basic_testCase" name="loginApp" time="0.0">
    <ignored/>
  </testcase> <!-- loginApp -->
</testsuite> <!-- Default test -->
