<?xml version="1.0" encoding="UTF-8"?>
<testng-results ignored="4" total="5" passed="1" failed="0" skipped="0">
  <reporter-output>
  </reporter-output>
  <suite started-at="2021-03-02T04:44:36Z" name="Default suite" finished-at="2021-03-02T04:45:30Z" duration-ms="53613">
    <groups>
    </groups>
    <test started-at="2021-03-02T04:44:36Z" name="Default test" finished-at="2021-03-02T04:45:30Z" duration-ms="53613">
      <class name="Telegram_TestCases.Telegram_basic_testCase">
        <test-method is-config="true" signature="setUP()[pri:0, instance:Telegram_TestCases.Telegram_basic_testCase@6d167f58]" started-at="2021-03-02T04:44:36Z" name="setUP" finished-at="2021-03-02T04:44:58Z" duration-ms="22202" status="PASS">
          <reporter-output>
          </reporter-output>
        </test-method> <!-- setUP -->
        <test-method is-config="true" signature="init()[pri:0, instance:Telegram_TestCases.Telegram_basic_testCase@6d167f58]" started-at="2021-03-02T04:44:58Z" name="init" finished-at="2021-03-02T04:45:17Z" depends-on-methods="Telegram_Base.Telegram_Test_Base.setUP" duration-ms="18307" status="PASS">
          <reporter-output>
          </reporter-output>
        </test-method> <!-- init -->
        <test-method signature="fetchChatHistory()[pri:4, instance:Telegram_TestCases.Telegram_basic_testCase@6d167f58]" started-at="2021-03-02T04:45:17Z" name="fetchChatHistory" finished-at="2021-03-02T04:45:29Z" duration-ms="12365" status="PASS">
          <reporter-output>
          </reporter-output>
        </test-method> <!-- fetchChatHistory -->
        <test-method is-config="true" signature="tearDown()[pri:0, instance:Telegram_TestCases.Telegram_basic_testCase@6d167f58]" started-at="2021-03-02T04:45:29Z" name="tearDown" finished-at="2021-03-02T04:45:30Z" duration-ms="721" status="PASS">
          <reporter-output>
          </reporter-output>
        </test-method> <!-- tearDown -->
      </class> <!-- Telegram_TestCases.Telegram_basic_testCase -->
    </test> <!-- Default test -->
  </suite> <!-- Default suite -->
</testng-results>
